<?xml version="1.0" encoding="UTF-8"?>
<testsuite name="helloworld.AppTest" tests="1" skipped="0" failures="0" errors="0" timestamp="2021-02-06T15:48:00" hostname="MacBook-Pro-de-Daniel.local" time="1.661">
  <properties/>
  <testcase name="successfulResponse" classname="helloworld.AppTest" time="1.661"/>
  <system-out><![CDATA[]]></system-out>
  <system-err><![CDATA[]]></system-err>
</testsuite>
